# NOTE: Do not modify this file.
#
# This file is generated via the -XX:DumpLoadedClassList=<class_list_file> option
# and is used at CDS archive dump time (see -Xshare:dump).
#
java/lang/Object
java/io/Serializable
java/lang/Comparable
java/lang/CharSequence
java/lang/constant/Constable
java/lang/constant/ConstantDesc
java/lang/String
java/lang/reflect/AnnotatedElement
java/lang/reflect/GenericDeclaration
java/lang/reflect/Type
java/lang/invoke/TypeDescriptor
java/lang/invoke/TypeDescriptor$OfField
java/lang/Class
java/lang/Cloneable
java/lang/ClassLoader
java/lang/System
java/lang/Throwable
java/lang/Error
java/lang/ThreadDeath
java/lang/Exception
java/lang/RuntimeException
java/lang/SecurityManager
java/security/ProtectionDomain
java/security/AccessControlContext
java/security/AccessController
java/security/SecureClassLoader
java/lang/ReflectiveOperationException
java/lang/ClassNotFoundException
java/lang/Record
java/lang/LinkageError
java/lang/NoClassDefFoundError
java/lang/ClassCastException
java/lang/ArrayStoreException
java/lang/VirtualMachineError
java/lang/InternalError
java/lang/OutOfMemoryError
java/lang/StackOverflowError
java/lang/IllegalMonitorStateException
java/lang/ref/Reference
java/lang/ref/SoftReference
java/lang/ref/WeakReference
java/lang/ref/FinalReference
java/lang/ref/PhantomReference
java/lang/ref/Finalizer
java/lang/Runnable
java/lang/Thread
java/lang/Thread$UncaughtExceptionHandler
java/lang/ThreadGroup
java/util/Map
java/util/Dictionary
java/util/Hashtable
java/util/Properties
java/lang/Module
java/lang/reflect/AccessibleObject
java/lang/reflect/Member
java/lang/reflect/Field
java/lang/reflect/Parameter
java/lang/reflect/Executable
java/lang/reflect/Method
java/lang/reflect/Constructor
jdk/internal/reflect/MagicAccessorImpl
jdk/internal/reflect/MethodAccessor
jdk/internal/reflect/MethodAccessorImpl
jdk/internal/reflect/ConstructorAccessor
jdk/internal/reflect/ConstructorAccessorImpl
jdk/internal/reflect/DelegatingClassLoader
jdk/internal/reflect/ConstantPool
jdk/internal/reflect/FieldAccessor
jdk/internal/reflect/FieldAccessorImpl
jdk/internal/reflect/UnsafeFieldAccessorImpl
jdk/internal/reflect/UnsafeStaticFieldAccessorImpl
java/lang/annotation/Annotation
jdk/internal/reflect/CallerSensitive
jdk/internal/reflect/NativeConstructorAccessorImpl
java/lang/invoke/MethodHandle
java/lang/invoke/DirectMethodHandle
java/lang/invoke/VarHandle
java/lang/invoke/MemberName
java/lang/invoke/ResolvedMethodName
java/lang/invoke/MethodHandleNatives
java/lang/invoke/LambdaForm
java/lang/invoke/TypeDescriptor$OfMethod
java/lang/invoke/MethodType
java/lang/BootstrapMethodError
java/lang/invoke/CallSite
jdk/internal/invoke/NativeEntryPoint
java/lang/invoke/MethodHandleNatives$CallSiteContext
java/lang/invoke/ConstantCallSite
java/lang/invoke/MutableCallSite
java/lang/invoke/VolatileCallSite
java/lang/AssertionStatusDirectives
java/lang/Appendable
java/lang/AbstractStringBuilder
java/lang/StringBuffer
java/lang/StringBuilder
jdk/internal/misc/UnsafeConstants
jdk/internal/misc/Unsafe
jdk/internal/module/Modules
java/lang/AutoCloseable
java/io/Closeable
java/io/InputStream
java/io/ByteArrayInputStream
java/net/URL
java/util/jar/Manifest
jdk/internal/loader/BuiltinClassLoader
jdk/internal/loader/ClassLoaders
jdk/internal/loader/ClassLoaders$AppClassLoader
jdk/internal/loader/ClassLoaders$PlatformClassLoader
java/security/CodeSource
java/util/concurrent/ConcurrentMap
java/util/AbstractMap
java/util/concurrent/ConcurrentHashMap
java/lang/Iterable
java/util/Collection
java/util/List
java/util/RandomAccess
java/util/AbstractCollection
java/util/AbstractList
java/util/ArrayList
java/lang/StackTraceElement
java/nio/Buffer
java/lang/StackWalker
java/lang/StackStreamFactory$AbstractStackWalker
java/lang/StackWalker$StackFrame
java/lang/StackFrameInfo
java/lang/LiveStackFrame
java/lang/LiveStackFrameInfo
java/util/concurrent/locks/AbstractOwnableSynchronizer
java/lang/Boolean
java/lang/Character
java/lang/Number
java/lang/Float
java/lang/Double
java/lang/Byte
java/lang/Short
java/lang/Integer
java/lang/Long
java/util/Iterator
java/lang/reflect/RecordComponent
jdk/internal/vm/vector/VectorSupport
jdk/internal/vm/vector/VectorSupport$VectorPayload
jdk/internal/vm/vector/VectorSupport$Vector
jdk/internal/vm/vector/VectorSupport$VectorMask
jdk/internal/vm/vector/VectorSupport$VectorShuffle
java/lang/NullPointerException
java/lang/ArithmeticException
java/io/ObjectStreamField
java/util/Comparator
java/lang/String$CaseInsensitiveComparator
java/lang/Module$ArchivedData
jdk/internal/misc/CDS
java/util/Set
java/util/ImmutableCollections$AbstractImmutableCollection
java/util/ImmutableCollections$AbstractImmutableSet
java/util/ImmutableCollections$Set12
java/util/Objects
java/util/ImmutableCollections
java/util/ImmutableCollections$AbstractImmutableList
java/util/ImmutableCollections$ListN
java/util/ImmutableCollections$SetN
java/util/ImmutableCollections$AbstractImmutableMap
java/util/ImmutableCollections$MapN
jdk/internal/access/JavaLangReflectAccess
java/lang/reflect/ReflectAccess
jdk/internal/access/SharedSecrets
java/lang/invoke/MethodHandles
java/lang/invoke/MemberName$Factory
java/security/Guard
java/security/Permission
java/security/BasicPermission
java/lang/reflect/ReflectPermission
java/lang/StringLatin1
java/lang/invoke/MethodHandles$Lookup
jdk/internal/reflect/Reflection
java/lang/Math
java/util/HashMap
java/util/AbstractSet
java/util/ImmutableCollections$MapN$1
java/util/ImmutableCollections$MapN$MapNIterator
java/util/Map$Entry
java/util/KeyValueHolder
java/util/HashMap$Node
java/util/LinkedHashMap$Entry
java/util/HashMap$TreeNode
java/lang/Runtime
java/util/concurrent/locks/Lock
java/util/concurrent/locks/ReentrantLock
java/util/concurrent/ConcurrentHashMap$Segment
java/util/concurrent/ConcurrentHashMap$CounterCell
java/util/concurrent/ConcurrentHashMap$Node
java/util/concurrent/locks/LockSupport
java/util/concurrent/ConcurrentHashMap$ReservationNode
java/security/PrivilegedAction
jdk/internal/reflect/ReflectionFactory$GetReflectionFactoryAction
jdk/internal/reflect/ReflectionFactory
java/lang/ref/Reference$ReferenceHandler
jdk/internal/ref/Cleaner
java/lang/ref/ReferenceQueue
java/lang/ref/ReferenceQueue$Null
java/lang/ref/ReferenceQueue$Lock
jdk/internal/access/JavaLangRefAccess
java/lang/ref/Reference$1
java/lang/ref/Finalizer$FinalizerThread
jdk/internal/misc/VM
jdk/internal/access/JavaLangAccess
java/lang/System$2
jdk/internal/util/SystemProps
jdk/internal/util/SystemProps$Raw
java/lang/StringConcatHelper
java/lang/VersionProps
java/util/Arrays
java/lang/CharacterData
java/lang/CharacterDataLatin1
java/lang/Integer$IntegerCache
java/util/HashMap$EntrySet
java/util/HashMap$HashIterator
java/util/HashMap$EntryIterator
jdk/internal/util/StaticProperty
java/io/FileInputStream
java/io/FileDescriptor
jdk/internal/access/JavaIOFileDescriptorAccess
java/io/FileDescriptor$1
java/io/Flushable
java/io/OutputStream
java/io/FileOutputStream
java/io/FilterInputStream
java/io/BufferedInputStream
java/io/FilterOutputStream
java/io/PrintStream
java/io/BufferedOutputStream
java/nio/charset/Charset
java/nio/charset/spi/CharsetProvider
sun/nio/cs/StandardCharsets
java/lang/ThreadLocal
java/util/concurrent/atomic/AtomicInteger
sun/nio/cs/HistoricallyNamedCharset
sun/nio/cs/Unicode
sun/nio/cs/UTF_8
java/io/Writer
java/io/OutputStreamWriter
sun/nio/cs/StreamEncoder
java/nio/charset/CharsetEncoder
sun/nio/cs/UTF_8$Encoder
java/nio/charset/CodingErrorAction
java/nio/ByteBuffer
jdk/internal/misc/ScopedMemoryAccess
jdk/internal/access/JavaNioAccess
java/nio/Buffer$1
java/nio/HeapByteBuffer
java/nio/ByteOrder
java/io/BufferedWriter
java/lang/Terminator
jdk/internal/misc/Signal$Handler
java/lang/Terminator$1
jdk/internal/misc/Signal
java/util/Hashtable$Entry
jdk/internal/misc/Signal$NativeHandler
jdk/internal/misc/OSEnvironment
java/util/Collections
java/util/Collections$EmptySet
java/util/Collections$EmptyList
java/util/Collections$EmptyMap
java/lang/IllegalArgumentException
java/lang/invoke/MethodHandleStatics
sun/security/action/GetPropertyAction
jdk/internal/module/ModuleBootstrap
java/lang/module/ModuleDescriptor
sun/invoke/util/VerifyAccess
java/lang/reflect/Modifier
jdk/internal/access/JavaLangModuleAccess
java/lang/module/ModuleDescriptor$1
java/io/File
java/io/DefaultFileSystem
java/io/FileSystem
java/io/UnixFileSystem
jdk/internal/util/ArraysSupport
jdk/internal/module/ModulePatcher
jdk/internal/module/ModuleBootstrap$Counters
jdk/internal/module/ArchivedBootLayer
jdk/internal/module/ArchivedModuleGraph
jdk/internal/module/SystemModuleFinders
java/net/URI
jdk/internal/access/JavaNetUriAccess
java/net/URI$1
jdk/internal/module/SystemModulesMap
jdk/internal/module/SystemModules
jdk/internal/module/SystemModules$default
jdk/internal/module/Builder
java/lang/module/ModuleDescriptor$Requires
java/lang/module/ModuleDescriptor$Exports
java/lang/module/ModuleDescriptor$Opens
java/lang/module/ModuleDescriptor$Provides
java/util/ImmutableCollections$List12
java/lang/module/ModuleDescriptor$Version
java/lang/Enum
java/lang/module/ModuleDescriptor$Modifier
java/lang/module/ModuleDescriptor$Requires$Modifier
jdk/internal/module/ModuleTarget
jdk/internal/module/ModuleHashes
jdk/internal/module/ModuleHashes$Builder
java/util/Collections$UnmodifiableMap
jdk/internal/module/ModuleResolution
java/lang/module/ModuleReference
java/util/function/Supplier
jdk/internal/module/SystemModuleFinders$2
jdk/internal/module/ModuleReferenceImpl
jdk/internal/module/ModuleHashes$HashSupplier
jdk/internal/module/SystemModuleFinders$3
java/lang/module/ModuleFinder
jdk/internal/module/SystemModuleFinders$SystemModuleFinder
java/util/Optional
jdk/internal/loader/BootLoader
jdk/internal/loader/NativeLibraries
jdk/internal/loader/ClassLoaderHelper
java/util/HashSet
java/util/Queue
java/util/Deque
java/util/ArrayDeque
jdk/internal/loader/ArchivedClassLoaders
jdk/internal/loader/ClassLoaders$BootClassLoader
java/security/cert/Certificate
java/lang/ClassLoader$ParallelLoaders
java/util/WeakHashMap
java/util/WeakHashMap$Entry
java/util/Collections$SetFromMap
java/util/WeakHashMap$KeySet
jdk/internal/access/JavaSecurityAccess
java/security/ProtectionDomain$JavaSecurityAccessImpl
java/security/ProtectionDomain$Key
java/security/Principal
jdk/internal/loader/URLClassPath
java/net/URLStreamHandlerFactory
java/net/URL$DefaultFactory
jdk/internal/access/JavaNetURLAccess
java/net/URL$3
java/io/File$PathStatus
sun/net/www/ParseUtil
java/util/HexFormat
java/net/URLStreamHandler
sun/net/www/protocol/file/Handler
sun/net/util/IPAddressUtil
jdk/internal/util/Preconditions
jdk/internal/module/ServicesCatalog
jdk/internal/loader/AbstractClassLoaderValue
jdk/internal/loader/ClassLoaderValue
jdk/internal/loader/BuiltinClassLoader$LoadedModule
java/util/ImmutableCollections$SetN$SetNIterator
java/lang/module/Configuration
java/lang/module/ResolvedModule
java/util/AbstractMap$1
java/util/AbstractMap$1$1
java/util/ImmutableCollections$Set12$1
jdk/internal/module/ModuleLoaderMap
java/util/function/Function
jdk/internal/module/ModuleLoaderMap$Mapper
jdk/internal/module/ModuleLoaderMap$Modules
java/lang/ModuleLayer
java/util/ListIterator
java/util/ImmutableCollections$ListItr
jdk/internal/loader/AbstractClassLoaderValue$Memoizer
jdk/internal/module/ServicesCatalog$ServiceProvider
java/util/concurrent/CopyOnWriteArrayList
java/util/HashMap$KeySet
java/util/HashMap$KeyIterator
java/lang/ModuleLayer$Controller
java/lang/invoke/StringConcatFactory
java/lang/invoke/StringConcatFactory$1
java/lang/invoke/StringConcatFactory$2
java/lang/invoke/StringConcatFactory$3
jdk/internal/vm/PostVMInitHook
java/util/Locale
sun/util/locale/BaseLocale
sun/util/locale/LocaleUtils
sun/util/locale/BaseLocale$Key
sun/util/locale/LocaleObjectCache
sun/util/locale/BaseLocale$Cache
sun/util/locale/LocaleObjectCache$CacheEntry
java/util/Locale$Cache
jdk/internal/vm/PostVMInitHook$1
sun/launcher/LauncherHelper
java/lang/StringCoding
sun/net/util/URLUtil
java/security/PrivilegedExceptionAction
jdk/internal/loader/URLClassPath$3
jdk/internal/loader/URLClassPath$Loader
jdk/internal/loader/URLClassPath$FileLoader
jdk/internal/loader/Resource
jdk/internal/loader/URLClassPath$FileLoader$1
java/lang/NamedPackage
java/lang/Package
java/lang/Package$VersionInfo
java/lang/ref/Cleaner$Cleanable
jdk/internal/ref/PhantomCleanable
java/io/FileCleanable
jdk/internal/ref/CleanerFactory
java/util/concurrent/ThreadFactory
jdk/internal/ref/CleanerFactory$1
java/lang/ref/Cleaner
java/lang/ref/Cleaner$1
jdk/internal/ref/CleanerImpl
jdk/internal/ref/CleanerImpl$PhantomCleanableRef
jdk/internal/ref/CleanerImpl$CleanerCleanable
jdk/internal/misc/InnocuousThread
sun/nio/ByteBuffered
java/io/FileInputStream$1
java/security/SecureClassLoader$CodeSourceKey
java/security/SecureClassLoader$1
java/security/PermissionCollection
sun/security/util/LazyCodeSourcePermissionCollection
java/security/Permissions
java/lang/RuntimePermission
java/security/BasicPermissionCollection
java/security/AllPermission
java/security/UnresolvedPermission
java/security/SecureClassLoader$DebugHolder
sun/security/util/Debug
main/HelloCDS
java/lang/Class$ReflectionData
java/lang/Class$Atomic
java/lang/PublicMethods$MethodList
java/lang/PublicMethods$Key
java/lang/Void
java/lang/Readable
java/nio/CharBuffer
java/nio/HeapCharBuffer
java/nio/charset/CoderResult
java/lang/Shutdown
java/lang/Shutdown$Lock
